[2025-11-11 13:01:17,805] [INFO] books_bot: 🚀 Запуск Telegram-бота...
[2025-11-11 13:01:25,091] [INFO] books_bot: Пользователь 1370803129 перешёл в режим поиска
[2025-11-11 13:01:31,408] [INFO] books_bot: Пользователь 1370803129 ищет 'ha' — найдено 8 результатов
[2025-11-11 13:01:35,267] [INFO] books_bot: Пользователь 1370803129 открыл книгу ID=38
[2025-11-11 13:01:39,274] [INFO] books_bot: Пользователь 1370803129 начал писать отзыв для книги ID=38
[2025-11-11 13:01:41,449] [INFO] books_bot: Пользователь 1370803129 выбрал оценку 4 для книги ID=38
[2025-11-11 13:01:47,865] [INFO] books_bot: Пользователь 1370803129 добавил отзыв на книгу ID=38 с оценкой 4 и текстом: 'good book!!!!!!!!!!!!!!!!!!!'
[2025-11-11 13:01:50,911] [INFO] books_bot: Пользователь 1370803129 открыл книгу ID=38
[2025-11-11 13:02:04,762] [INFO] books_bot: Пользователь 1370803129 запросил случайную книгу ID=27
[2025-11-11 13:02:04,979] [INFO] books_bot: Пользователь 1370803129 открыл книгу ID=27
[2025-11-11 13:02:09,413] [INFO] books_bot: Пользователь 1370803129 запросил случайную книгу ID=36
[2025-11-11 13:02:09,556] [INFO] books_bot: Пользователь 1370803129 открыл книгу ID=36
[2025-11-11 13:02:16,989] [INFO] books_bot: Пользователь 1370803129 запросил случайную книгу ID=36
[2025-11-11 13:02:17,178] [INFO] books_bot: Пользователь 1370803129 открыл книгу ID=36
[2025-11-11 13:02:21,452] [INFO] books_bot: Пользователь 1370803129 запросил случайную книгу ID=21
[2025-11-11 13:02:21,545] [INFO] books_bot: Пользователь 1370803129 открыл книгу ID=21
[2025-11-11 13:02:23,856] [INFO] books_bot: Пользователь 1370803129 запросил случайную книгу ID=42
[2025-11-11 13:02:24,015] [INFO] books_bot: Пользователь 1370803129 открыл книгу ID=42
[2025-11-11 13:02:25,659] [INFO] books_bot: Пользователь 1370803129 запросил топ-10 книг
[2025-11-11 13:02:27,595] [INFO] books_bot: Пользователь 1370803129 открыл книгу ID=23
